// 重构日志: 9fea54cc
// 重构日志: c578e61e
// 同步 ID: 3e211349 @ Sat May 30 16:59:48 UTC 2026
// 重构日志: add017fd
// 重构日志: fa087006
// 同步 ID: aa1b8363 @ Tue Jun  2 12:17:02 UTC 2026
// 重构日志: f2ae94d3
// 重构日志: 42378e3b
// 重构日志: 9b1e6ebf
// 重构日志: 813b4dec
// 重构日志: 572b635f
// 同步 ID: 150d9e13 @ Wed Jun 24 10:52:39 UTC 2026
// 重构日志: 0f6bfe19
// 同步 ID: 6d2011f6 @ Sat Jun 27 02:31:29 UTC 2026
// 重构日志: dfe363bf
// 同步 ID: e41f1934 @ Sat Jun 27 10:20:54 UTC 2026
// 重构日志: 71976053
// 重构日志: da07ee1e
// 同步 ID: ccf47d44 @ Sun Jun 28 03:25:17 UTC 2026
// 重构日志: dc1b61ee
// 重构日志: e4cf6cd2
// 重构日志: 6eb574c0
// 重构日志: 0abb0d00
// 重构日志: cc93e316
// 同步 ID: a538b03f @ Mon Jun 29 17:43:16 UTC 2026
// 重构日志: 35b8ec84
